<?xml version="1.0" encoding="UTF-8"?>
<!-- Generated by org.testng.reporters.JUnitXMLReporter -->
<testsuite hostname="L75305803" ignored="0" name="Default test" tests="1" failures="1" timestamp="27 Nov 2017 13:54:01 GMT" time="4.473" errors="0">
  <testcase name="CreateEc2InstanceWFTest" time="4.37" classname="com.aws.tests.CreateEc2InstanceWFTests">
    <failure type="com.amazonaws.services.ec2.model.AmazonEC2Exception" message="Invalid id: &amp;quot;r-079f1ab6210223565&amp;quot; (expecting &amp;quot;i-...&amp;quot;) (Service: AmazonEC2; Status Code: 400; Error Code: InvalidInstanceID.Malformed; Request ID: a4e9cd65-2d03-41a1-8ac2-aa873c3b55c9)">
      <![CDATA[com.amazonaws.services.ec2.model.AmazonEC2Exception: Invalid id: "r-079f1ab6210223565" (expecting "i-...") (Service: AmazonEC2; Status Code: 400; Error Code: InvalidInstanceID.Malformed; Request ID: a4e9cd65-2d03-41a1-8ac2-aa873c3b55c9)
	at com.amazonaws.http.AmazonHttpClient$RequestExecutor.handleErrorResponse(AmazonHttpClient.java:1639)
	at com.amazonaws.http.AmazonHttpClient$RequestExecutor.executeOneRequest(AmazonHttpClient.java:1304)
	at com.amazonaws.http.AmazonHttpClient$RequestExecutor.executeHelper(AmazonHttpClient.java:1056)
	at com.amazonaws.http.AmazonHttpClient$RequestExecutor.doExecute(AmazonHttpClient.java:743)
	at com.amazonaws.http.AmazonHttpClient$RequestExecutor.executeWithTimer(AmazonHttpClient.java:717)
	at com.amazonaws.http.AmazonHttpClient$RequestExecutor.execute(AmazonHttpClient.java:699)
	at com.amazonaws.http.AmazonHttpClient$RequestExecutor.access$500(AmazonHttpClient.java:667)
	at com.amazonaws.http.AmazonHttpClient$RequestExecutionBuilderImpl.execute(AmazonHttpClient.java:649)
	at com.amazonaws.http.AmazonHttpClient.execute(AmazonHttpClient.java:513)
	at com.amazonaws.services.ec2.AmazonEC2Client.doInvoke(AmazonEC2Client.java:14388)
	at com.amazonaws.services.ec2.AmazonEC2Client.invoke(AmazonEC2Client.java:14364)
	at com.amazonaws.services.ec2.AmazonEC2Client.executeStopInstances(AmazonEC2Client.java:13960)
	at com.amazonaws.services.ec2.AmazonEC2Client.stopInstances(AmazonEC2Client.java:13937)
	at com.aws.tests.CreateEc2InstanceWFTests.VerifyInstanceDryRunStartSuccess(CreateEc2InstanceWFTests.java:75)
	at com.aws.tests.CreateEc2InstanceWFTests.CreateEc2InstanceWFTest(CreateEc2InstanceWFTests.java:55)
	at sun.reflect.NativeMethodAccessorImpl.invoke0(Native Method)
	at sun.reflect.NativeMethodAccessorImpl.invoke(NativeMethodAccessorImpl.java:62)
	at sun.reflect.DelegatingMethodAccessorImpl.invoke(DelegatingMethodAccessorImpl.java:43)
	at java.lang.reflect.Method.invoke(Method.java:498)
	at org.testng.internal.MethodInvocationHelper.invokeMethod(MethodInvocationHelper.java:104)
	at org.testng.internal.Invoker.invokeMethod(Invoker.java:645)
	at org.testng.internal.Invoker.invokeTestMethod(Invoker.java:851)
	at org.testng.internal.Invoker.invokeTestMethods(Invoker.java:1177)
	at org.testng.internal.TestMethodWorker.invokeTestMethods(TestMethodWorker.java:129)
	at org.testng.internal.TestMethodWorker.run(TestMethodWorker.java:112)
	at org.testng.TestRunner.privateRun(TestRunner.java:756)
	at org.testng.TestRunner.run(TestRunner.java:610)
	at org.testng.SuiteRunner.runTest(SuiteRunner.java:387)
	at org.testng.SuiteRunner.runSequentially(SuiteRunner.java:382)
	at org.testng.SuiteRunner.privateRun(SuiteRunner.java:340)
	at org.testng.SuiteRunner.run(SuiteRunner.java:289)
	at org.testng.SuiteRunnerWorker.runSuite(SuiteRunnerWorker.java:52)
	at org.testng.SuiteRunnerWorker.run(SuiteRunnerWorker.java:86)
	at org.testng.TestNG.runSuitesSequentially(TestNG.java:1293)
	at org.testng.TestNG.runSuitesLocally(TestNG.java:1218)
	at org.testng.TestNG.runSuites(TestNG.java:1133)
	at org.testng.TestNG.run(TestNG.java:1104)
	at org.testng.remote.AbstractRemoteTestNG.run(AbstractRemoteTestNG.java:114)
	at org.testng.remote.RemoteTestNG.initAndRun(RemoteTestNG.java:251)
	at org.testng.remote.RemoteTestNG.main(RemoteTestNG.java:77)
]]>
    </failure>
  </testcase> <!-- CreateEc2InstanceWFTest -->
</testsuite> <!-- Default test -->
