<?xml version="1.0" encoding="UTF-8"?>
<!-- Generated by org.testng.reporters.JUnitXMLReporter -->
<testsuite hostname="L75305803" ignored="0" name="Test" tests="1" failures="1" timestamp="27 Nov 2017 20:28:54 GMT" time="56.506" errors="0">
  <testcase name="CreateEc2InstanceWFTest" time="56.392" classname="com.aws.tests.CreateEc2InstanceWFTests">
    <failure type="com.amazonaws.services.ec2.model.AmazonEC2Exception" message="The instance ID &amp;apos;i-06f4009cd703a6865&amp;apos; does not exist (Service: AmazonEC2; Status Code: 400; Error Code: InvalidInstanceID.NotFound; Request ID: 1b4462e5-a24b-4794-8fde-bc019c55d1b6)">
      <![CDATA[com.amazonaws.services.ec2.model.AmazonEC2Exception: The instance ID 'i-06f4009cd703a6865' does not exist (Service: AmazonEC2; Status Code: 400; Error Code: InvalidInstanceID.NotFound; Request ID: 1b4462e5-a24b-4794-8fde-bc019c55d1b6)
	at com.amazonaws.http.AmazonHttpClient$RequestExecutor.handleErrorResponse(AmazonHttpClient.java:1639)
	at com.amazonaws.http.AmazonHttpClient$RequestExecutor.executeOneRequest(AmazonHttpClient.java:1304)
	at com.amazonaws.http.AmazonHttpClient$RequestExecutor.executeHelper(AmazonHttpClient.java:1056)
	at com.amazonaws.http.AmazonHttpClient$RequestExecutor.doExecute(AmazonHttpClient.java:743)
	at com.amazonaws.http.AmazonHttpClient$RequestExecutor.executeWithTimer(AmazonHttpClient.java:717)
	at com.amazonaws.http.AmazonHttpClient$RequestExecutor.execute(AmazonHttpClient.java:699)
	at com.amazonaws.http.AmazonHttpClient$RequestExecutor.access$500(AmazonHttpClient.java:667)
	at com.amazonaws.http.AmazonHttpClient$RequestExecutionBuilderImpl.execute(AmazonHttpClient.java:649)
	at com.amazonaws.http.AmazonHttpClient.execute(AmazonHttpClient.java:513)
	at com.amazonaws.services.ec2.AmazonEC2Client.doInvoke(AmazonEC2Client.java:14388)
	at com.amazonaws.services.ec2.AmazonEC2Client.invoke(AmazonEC2Client.java:14364)
	at com.amazonaws.services.ec2.AmazonEC2Client.executeStopInstances(AmazonEC2Client.java:13960)
	at com.amazonaws.services.ec2.AmazonEC2Client.stopInstances(AmazonEC2Client.java:13937)
	at com.aws.tests.CreateEc2InstanceWFTests.stopInstance(CreateEc2InstanceWFTests.java:67)
	at com.aws.tests.CreateEc2InstanceWFTests.CreateEc2InstanceWFTest(CreateEc2InstanceWFTests.java:53)
... Removed 25 stack frames]]>
    </failure>
  </testcase> <!-- CreateEc2InstanceWFTest -->
</testsuite> <!-- Test -->
