<?xml version="1.0" encoding="UTF-8"?>
<testng-results skipped="0" failed="1" ignored="0" total="1" passed="0">
  <reporter-output>
  </reporter-output>
  <suite name="Suite" duration-ms="56506" started-at="2017-11-27T20:27:57Z" finished-at="2017-11-27T20:28:54Z">
    <groups>
    </groups>
    <test name="Test" duration-ms="56506" started-at="2017-11-27T20:27:57Z" finished-at="2017-11-27T20:28:54Z">
      <class name="com.aws.tests.CreateEc2InstanceWFTests">
        <test-method status="PASS" signature="beforeTest()[pri:0, instance:com.aws.tests.CreateEc2InstanceWFTests@2d7275fc]" name="beforeTest" is-config="true" duration-ms="75" started-at="2017-11-28T07:27:57Z" finished-at="2017-11-28T07:27:57Z">
          <reporter-output>
          </reporter-output>
        </test-method> <!-- beforeTest -->
        <test-method status="FAIL" signature="CreateEc2InstanceWFTest()[pri:0, instance:com.aws.tests.CreateEc2InstanceWFTests@2d7275fc]" name="CreateEc2InstanceWFTest" duration-ms="56392" started-at="2017-11-28T07:27:57Z" finished-at="2017-11-28T07:28:54Z">
          <exception class="com.amazonaws.services.ec2.model.AmazonEC2Exception">
            <message>
              <![CDATA[The instance ID 'i-06f4009cd703a6865' does not exist (Service: AmazonEC2; Status Code: 400; Error Code: InvalidInstanceID.NotFound; Request ID: 1b4462e5-a24b-4794-8fde-bc019c55d1b6)]]>
            </message>
            <full-stacktrace>
              <![CDATA[com.amazonaws.services.ec2.model.AmazonEC2Exception: The instance ID 'i-06f4009cd703a6865' does not exist (Service: AmazonEC2; Status Code: 400; Error Code: InvalidInstanceID.NotFound; Request ID: 1b4462e5-a24b-4794-8fde-bc019c55d1b6)
	at com.amazonaws.http.AmazonHttpClient$RequestExecutor.handleErrorResponse(AmazonHttpClient.java:1639)
	at com.amazonaws.http.AmazonHttpClient$RequestExecutor.executeOneRequest(AmazonHttpClient.java:1304)
	at com.amazonaws.http.AmazonHttpClient$RequestExecutor.executeHelper(AmazonHttpClient.java:1056)
	at com.amazonaws.http.AmazonHttpClient$RequestExecutor.doExecute(AmazonHttpClient.java:743)
	at com.amazonaws.http.AmazonHttpClient$RequestExecutor.executeWithTimer(AmazonHttpClient.java:717)
	at com.amazonaws.http.AmazonHttpClient$RequestExecutor.execute(AmazonHttpClient.java:699)
	at com.amazonaws.http.AmazonHttpClient$RequestExecutor.access$500(AmazonHttpClient.java:667)
	at com.amazonaws.http.AmazonHttpClient$RequestExecutionBuilderImpl.execute(AmazonHttpClient.java:649)
	at com.amazonaws.http.AmazonHttpClient.execute(AmazonHttpClient.java:513)
	at com.amazonaws.services.ec2.AmazonEC2Client.doInvoke(AmazonEC2Client.java:14388)
	at com.amazonaws.services.ec2.AmazonEC2Client.invoke(AmazonEC2Client.java:14364)
	at com.amazonaws.services.ec2.AmazonEC2Client.executeStopInstances(AmazonEC2Client.java:13960)
	at com.amazonaws.services.ec2.AmazonEC2Client.stopInstances(AmazonEC2Client.java:13937)
	at com.aws.tests.CreateEc2InstanceWFTests.stopInstance(CreateEc2InstanceWFTests.java:67)
	at com.aws.tests.CreateEc2InstanceWFTests.CreateEc2InstanceWFTest(CreateEc2InstanceWFTests.java:53)
	at sun.reflect.NativeMethodAccessorImpl.invoke0(Native Method)
	at sun.reflect.NativeMethodAccessorImpl.invoke(NativeMethodAccessorImpl.java:62)
	at sun.reflect.DelegatingMethodAccessorImpl.invoke(DelegatingMethodAccessorImpl.java:43)
	at java.lang.reflect.Method.invoke(Method.java:498)
	at org.testng.internal.MethodInvocationHelper.invokeMethod(MethodInvocationHelper.java:104)
	at org.testng.internal.Invoker.invokeMethod(Invoker.java:645)
	at org.testng.internal.Invoker.invokeTestMethod(Invoker.java:851)
	at org.testng.internal.Invoker.invokeTestMethods(Invoker.java:1177)
	at org.testng.internal.TestMethodWorker.invokeTestMethods(TestMethodWorker.java:129)
	at org.testng.internal.TestMethodWorker.run(TestMethodWorker.java:112)
	at org.testng.TestRunner.privateRun(TestRunner.java:756)
	at org.testng.TestRunner.run(TestRunner.java:610)
	at org.testng.SuiteRunner.runTest(SuiteRunner.java:387)
	at org.testng.SuiteRunner.runSequentially(SuiteRunner.java:382)
	at org.testng.SuiteRunner.privateRun(SuiteRunner.java:340)
	at org.testng.SuiteRunner.run(SuiteRunner.java:289)
	at org.testng.SuiteRunnerWorker.runSuite(SuiteRunnerWorker.java:52)
	at org.testng.SuiteRunnerWorker.run(SuiteRunnerWorker.java:86)
	at org.testng.TestNG.runSuitesSequentially(TestNG.java:1293)
	at org.testng.TestNG.runSuitesLocally(TestNG.java:1218)
	at org.testng.TestNG.runSuites(TestNG.java:1133)
	at org.testng.TestNG.run(TestNG.java:1104)
	at org.testng.remote.AbstractRemoteTestNG.run(AbstractRemoteTestNG.java:114)
	at org.testng.remote.RemoteTestNG.initAndRun(RemoteTestNG.java:251)
	at org.testng.remote.RemoteTestNG.main(RemoteTestNG.java:77)
]]>
            </full-stacktrace>
          </exception> <!-- com.amazonaws.services.ec2.model.AmazonEC2Exception -->
          <reporter-output>
          </reporter-output>
        </test-method> <!-- CreateEc2InstanceWFTest -->
        <test-method status="PASS" signature="afterTest()[pri:0, instance:com.aws.tests.CreateEc2InstanceWFTests@2d7275fc]" name="afterTest" is-config="true" duration-ms="1" started-at="2017-11-28T07:28:54Z" finished-at="2017-11-28T07:28:54Z">
          <reporter-output>
          </reporter-output>
        </test-method> <!-- afterTest -->
      </class> <!-- com.aws.tests.CreateEc2InstanceWFTests -->
    </test> <!-- Test -->
  </suite> <!-- Suite -->
</testng-results>
